SF:lib/domain/entities/next_event.dart
DA:8,3
LF:1
LH:1
end_of_record
SF:lib/domain/entities/next_event_player.dart
DA:10,4
DA:20,4
DA:28,4
DA:35,4
DA:39,4
DA:40,4
DA:41,12
DA:42,12
DA:44,20
DA:45,4
LF:10
LH:10
end_of_record
SF:lib/domain/usecases/next_event_loader.dart
DA:7,1
DA:9,1
DA:10,2
LF:3
LH:3
end_of_record
SF:lib/infra/api/repositories/load_next_event_http_repo.dart
DA:17,1
DA:19,1
DA:21,2
DA:22,3
DA:23,1
DA:25,1
DA:26,1
DA:28,1
DA:34,2
DA:36,1
DA:37,1
DA:38,2
DA:39,1
DA:40,3
DA:41,1
DA:42,1
DA:43,1
DA:45,2
DA:46,1
DA:47,1
DA:49,1
LF:21
LH:21
end_of_record
SF:lib/infra/api/repositories/load_next_event_api_repo.dart
DA:11,1
DA:13,1
DA:15,2
DA:16,1
DA:17,1
DA:19,1
LF:6
LH:6
end_of_record
SF:lib/infra/api/mappers/next_event_mapper.dart
DA:6,1
DA:7,1
DA:8,1
DA:9,2
DA:10,2
LF:5
LH:5
end_of_record
SF:lib/infra/api/mappers/next_event_player_mapper.dart
DA:5,1
DA:6,1
DA:7,1
DA:8,1
DA:9,1
DA:10,2
DA:11,1
DA:12,1
DA:16,1
DA:17,2
LF:10
LH:10
end_of_record
